<?xml version="1.0" encoding="UTF-8"?>
<!-- Generated by org.testng.reporters.JUnitXMLReporter -->
<testsuite ignored="0" hostname="DESKTOP-VKCHQ0K" failures="1" tests="5" name="Test" time="84.499" errors="0" timestamp="2021-11-13T19:07:10 IST">
  <testcase classname="com.packt.cucumber.CustomAbtractBaseTestNGCucumber" name="runScenario" time="19.008">
    <failure type="java.lang.AssertionError" message="Expected location of Account menu is coordinates(1217, 28) but recieved:(1218, 26)">
      <![CDATA[java.lang.AssertionError: Expected location of Account menu is coordinates(1217, 28) but recieved:(1218, 26)
at com.packt.utils.ReportGenerator.fail(ReportGenerator.java:145)
at com.packt.utils.Assertions.assertEquals(Assertions.java:23)
at com.packt.stepdefinations.PacktHomePageSteps.iVerifyTheElementsOnHomepage(PacktHomePageSteps.java:120)
at ✽.I verify the elements on homepage(file:src/test/resources/Feature_Files/Packt_Assessment_Feature.feature:25)
... Removed 1 stack frames]]>
    </failure>
  </testcase> <!-- runScenario -->
  <testcase classname="com.packt.cucumber.CustomAbtractBaseTestNGCucumber" name="runScenario" time="17.283"/>
  <testcase classname="com.packt.cucumber.CustomAbtractBaseTestNGCucumber" name="runScenario" time="17.44"/>
  <testcase classname="com.packt.cucumber.CustomAbtractBaseTestNGCucumber" name="runScenario" time="9.204"/>
  <testcase classname="com.packt.cucumber.CustomAbtractBaseTestNGCucumber" name="runScenario" time="12.573"/>
</testsuite> <!-- Test -->
