<?xml version="1.0" encoding="UTF-8"?>
<testng-results ignored="0" total="1" passed="1" failed="0" skipped="0">
  <reporter-output>
  </reporter-output>
  <suite started-at="2021-11-08T19:19:39 IST" name="Suite" finished-at="2021-11-08T19:20:00 IST" duration-ms="21254">
    <groups>
      <group name="cucumber">
        <method signature="CustomAbtractBaseTestNGCucumber.runScenario(cucumber.api.testng.PickleEventWrapper,cucumber.api.testng.CucumberFeatureWrapper)[pri:0, instance:com.packt.testrunner.TestRunner@23941fb4]" name="runScenario" class="com.packt.cucumber.CustomAbtractBaseTestNGCucumber"/>
      </group> <!-- cucumber -->
    </groups>
    <test started-at="2021-11-08T19:19:39 IST" name="Test" finished-at="2021-11-08T19:20:00 IST" duration-ms="21254">
      <class name="com.packt.testrunner.TestRunner">
        <test-method is-config="true" signature="setUpClass()[pri:0, instance:com.packt.testrunner.TestRunner@23941fb4]" started-at="2021-11-08T19:19:39 IST" name="setUpClass" finished-at="2021-11-08T19:19:49 IST" duration-ms="10563" status="PASS">
          <reporter-output>
          </reporter-output>
        </test-method> <!-- setUpClass -->
        <test-method signature="runScenario(cucumber.api.testng.PickleEventWrapper,cucumber.api.testng.CucumberFeatureWrapper)[pri:0, instance:com.packt.testrunner.TestRunner@23941fb4]" started-at="2021-11-08T19:19:49 IST" name="runScenario" description="Runs Cucumber Scenarios" data-provider="scenarios" finished-at="2021-11-08T19:20:00 IST" duration-ms="10556" status="PASS">
          <params>
            <param index="0">
              <value>
                <![CDATA["Verify that all the elements on the page are correct"]]>
              </value>
            </param>
            <param index="1">
              <value>
                <![CDATA["Packt Assessment Sateesh Varma"]]>
              </value>
            </param>
          </params>
          <reporter-output>
          </reporter-output>
        </test-method> <!-- runScenario -->
        <test-method is-config="true" signature="tearDownClass()[pri:0, instance:com.packt.testrunner.TestRunner@23941fb4]" started-at="2021-11-08T19:20:00 IST" name="tearDownClass" finished-at="2021-11-08T19:20:00 IST" duration-ms="60" status="PASS">
          <reporter-output>
          </reporter-output>
        </test-method> <!-- tearDownClass -->
      </class> <!-- com.packt.testrunner.TestRunner -->
    </test> <!-- Test -->
  </suite> <!-- Suite -->
</testng-results>
