<?xml version="1.0" encoding="UTF-8"?>
<!-- Generated by org.testng.reporters.JUnitReportReporter -->
<testsuite hostname="DESKTOP-VKCHQ0K" failures="1" tests="2" name="com.packt.testrunner.TestRunner" time="19.536" errors="0" timestamp="2021-11-09T20:18:43 IST" skipped="1">
  <testcase classname="com.packt.testrunner.TestRunner" name="runScenario" time="10.605">
    <failure message="Expected location of Browser menu is coordinates(564, 28) but recieved:(1217, 28)" type="java.lang.AssertionError">
      <![CDATA[java.lang.AssertionError: Expected location of Browser menu is coordinates(564, 28) but recieved:(1217, 28)
at org.testng.Assert.fail(Assert.java:99)
at com.packt.utils.ReportGenerator.fail(ReportGenerator.java:145)
at com.packt.utils.Assertions.assertEquals(Assertions.java:23)
at com.packt.stepdefinations.PacktHomePageSteps.iVerifyTheElementsOnHomepage(PacktHomePageSteps.java:128)
at ✽.I verify the elements on homepage(file:src/test/resources/Feature_Files/Packt_Assessment_Feature.feature:25)
]]>
    </failure>
  </testcase> <!-- runScenario -->
  <system-out/>
  <testcase classname="com.packt.testrunner.TestRunner" name="runScenario" time="8.931">
    <skipped/>
  </testcase> <!-- runScenario -->
  <system-out/>
</testsuite> <!-- com.packt.testrunner.TestRunner -->
